0 info it worked if it ends with ok
1 verbose cli [ '/usr/bin/node', '/usr/bin/npm', 'install', '-g', 'supervisor' ]
2 info using npm@1.4.29
3 info using node@v0.10.43
4 verbose node symlink /usr/bin/node
5 warn deprecated This version of npm lacks support for important features,
6 warn deprecated such as scoped packages, offered by the primary npm
7 warn deprecated registry. Consider upgrading to at least npm@2, if not the
8 warn deprecated latest stable version. To upgrade to npm@2, run:
9 warn deprecated npm -g install npm@latest-2
10 warn deprecated To upgrade to the latest stable version, run:
11 warn deprecated npm -g install npm@latest
12 warn deprecated (Depending on how Node.js was installed on your system, you
13 warn deprecated may need to prefix the preceding commands with `sudo`, or if
14 warn deprecated on Windows, run them from an Administrator prompt.)
15 warn deprecated If you're running the version of npm bundled with
16 warn deprecated Node.js 0.10 LTS, be aware that the next version of 0.10 LTS
17 warn deprecated will be bundled with a version of npm@2, which has some small
18 warn deprecated backwards-incompatible changes made to `npm run-script` and
19 warn deprecated semver behavior.
20 verbose cache add [ 'supervisor', null ]
21 verbose cache add name=undefined spec="supervisor" args=["supervisor",null]
22 verbose parsed url { protocol: null,
22 verbose parsed url   slashes: null,
22 verbose parsed url   auth: null,
22 verbose parsed url   host: null,
22 verbose parsed url   port: null,
22 verbose parsed url   hostname: null,
22 verbose parsed url   hash: null,
22 verbose parsed url   search: null,
22 verbose parsed url   query: null,
22 verbose parsed url   pathname: 'supervisor',
22 verbose parsed url   path: 'supervisor',
22 verbose parsed url   href: 'supervisor' }
23 silly lockFile 0f4d09e4-supervisor supervisor
24 verbose lock supervisor /home/ee7klt/.npm/0f4d09e4-supervisor.lock
25 silly lockFile 0f4d09e4-supervisor supervisor
26 silly lockFile 0f4d09e4-supervisor supervisor
27 verbose addNamed [ 'supervisor', '' ]
28 verbose addNamed [ null, '*' ]
29 silly lockFile b28163ae-supervisor supervisor@
30 verbose lock supervisor@ /home/ee7klt/.npm/b28163ae-supervisor.lock
31 silly addNameRange { name: 'supervisor', range: '*', hasData: false }
32 verbose request where is /supervisor
33 verbose request registry https://registry.npmjs.org/
34 verbose request id 1b5adbd0ca8b8d8e
35 verbose url raw /supervisor
36 verbose url resolving [ 'https://registry.npmjs.org/', './supervisor' ]
37 verbose url resolved https://registry.npmjs.org/supervisor
38 verbose request where is https://registry.npmjs.org/supervisor
39 info trying registry request attempt 1 at 14:25:28
40 http GET https://registry.npmjs.org/supervisor
41 http 200 https://registry.npmjs.org/supervisor
42 silly registry.get cb [ 200,
42 silly registry.get   { server: 'CouchDB/1.5.0 (Erlang OTP/R16B03)',
42 silly registry.get     etag: '"CYLAONEMIZ3ED1EE48KQHJ5WH"',
42 silly registry.get     'content-type': 'application/json',
42 silly registry.get     'content-encoding': 'gzip',
42 silly registry.get     'cache-control': 'max-age=300',
42 silly registry.get     'content-length': '8127',
42 silly registry.get     'accept-ranges': 'bytes',
42 silly registry.get     date: 'Thu, 23 Jun 2016 06:25:29 GMT',
42 silly registry.get     via: '1.1 varnish',
42 silly registry.get     age: '0',
42 silly registry.get     connection: 'keep-alive',
42 silly registry.get     'x-served-by': 'cache-sin6920-SIN',
42 silly registry.get     'x-cache': 'HIT',
42 silly registry.get     'x-cache-hits': '1',
42 silly registry.get     'x-timer': 'S1466663129.196461,VS0,VE209',
42 silly registry.get     vary: 'Accept-Encoding' } ]
43 silly addNameRange number 2 { name: 'supervisor', range: '*', hasData: true }
44 silly addNameRange versions [ 'supervisor',
44 silly addNameRange   [ '0.0.4',
44 silly addNameRange     '0.0.5',
44 silly addNameRange     '0.0.6',
44 silly addNameRange     '0.1.0',
44 silly addNameRange     '0.1.1',
44 silly addNameRange     '0.1.2',
44 silly addNameRange     '0.1.3',
44 silly addNameRange     '0.2.0',
44 silly addNameRange     '0.3.0',
44 silly addNameRange     '0.3.1',
44 silly addNameRange     '0.3.2',
44 silly addNameRange     '0.3.3',
44 silly addNameRange     '0.3.4',
44 silly addNameRange     '0.3.5',
44 silly addNameRange     '0.3.6',
44 silly addNameRange     '0.4.0',
44 silly addNameRange     '0.4.1',
44 silly addNameRange     '0.5.0',
44 silly addNameRange     '0.5.1',
44 silly addNameRange     '0.5.2',
44 silly addNameRange     '0.5.3',
44 silly addNameRange     '0.5.4',
44 silly addNameRange     '0.5.5',
44 silly addNameRange     '0.5.6',
44 silly addNameRange     '0.5.7',
44 silly addNameRange     '0.6.0',
44 silly addNameRange     '0.7.0',
44 silly addNameRange     '0.7.1',
44 silly addNameRange     '0.8.0',
44 silly addNameRange     '0.9.0',
44 silly addNameRange     '0.9.1',
44 silly addNameRange     '0.10.0',
44 silly addNameRange     '0.11.0' ] ]
45 verbose addNamed [ 'supervisor', '0.11.0' ]
46 verbose addNamed [ '0.11.0', '0.11.0' ]
47 silly lockFile d6c3feeb-supervisor-0-11-0 supervisor@0.11.0
48 verbose lock supervisor@0.11.0 /home/ee7klt/.npm/d6c3feeb-supervisor-0-11-0.lock
49 silly lockFile c86ef96d-supervisor-supervisor-0-11-0-tgz https://registry.npmjs.org/supervisor/-/supervisor-0.11.0.tgz
50 verbose lock https://registry.npmjs.org/supervisor/-/supervisor-0.11.0.tgz /home/ee7klt/.npm/c86ef96d-supervisor-supervisor-0-11-0-tgz.lock
51 verbose addRemoteTarball [ 'https://registry.npmjs.org/supervisor/-/supervisor-0.11.0.tgz',
51 verbose addRemoteTarball   '3fa869e09c57855aff7128a996d414f4af867d8a' ]
52 info retry fetch attempt 1 at 14:25:29
53 verbose fetch to= /tmp/npm-11886-XNmFMbnf/registry.npmjs.org/supervisor/-/supervisor-0.11.0.tgz
54 http GET https://registry.npmjs.org/supervisor/-/supervisor-0.11.0.tgz
55 http 200 https://registry.npmjs.org/supervisor/-/supervisor-0.11.0.tgz
56 silly lockFile c86ef96d-supervisor-supervisor-0-11-0-tgz https://registry.npmjs.org/supervisor/-/supervisor-0.11.0.tgz
57 silly lockFile c86ef96d-supervisor-supervisor-0-11-0-tgz https://registry.npmjs.org/supervisor/-/supervisor-0.11.0.tgz
58 silly lockFile d6c3feeb-supervisor-0-11-0 supervisor@0.11.0
59 silly lockFile d6c3feeb-supervisor-0-11-0 supervisor@0.11.0
60 silly lockFile b28163ae-supervisor supervisor@
61 silly lockFile b28163ae-supervisor supervisor@
62 silly resolved [ { name: 'supervisor',
62 silly resolved     version: '0.11.0',
62 silly resolved     description: 'A supervisor program for running nodejs programs',
62 silly resolved     author: { name: 'Isaac Z. Schlueter', email: 'i@izs.me' },
62 silly resolved     license: 'MIT',
62 silly resolved     contributors:
62 silly resolved      [ [Object],
62 silly resolved        [Object],
62 silly resolved        [Object],
62 silly resolved        [Object],
62 silly resolved        [Object],
62 silly resolved        [Object],
62 silly resolved        [Object],
62 silly resolved        [Object],
62 silly resolved        [Object],
62 silly resolved        [Object],
62 silly resolved        [Object],
62 silly resolved        [Object],
62 silly resolved        [Object],
62 silly resolved        [Object],
62 silly resolved        [Object],
62 silly resolved        [Object],
62 silly resolved        [Object],
62 silly resolved        [Object],
62 silly resolved        [Object],
62 silly resolved        [Object],
62 silly resolved        [Object],
62 silly resolved        [Object],
62 silly resolved        [Object],
62 silly resolved        [Object],
62 silly resolved        [Object],
62 silly resolved        [Object],
62 silly resolved        [Object] ],
62 silly resolved     repository:
62 silly resolved      { type: 'git',
62 silly resolved        url: 'git://github.com/petruisfan/node-supervisor.git' },
62 silly resolved     bugs: { url: 'https://github.com/petruisfan/node-supervisor/issues' },
62 silly resolved     homepage: 'https://github.com/petruisfan/node-supervisor/',
62 silly resolved     main: 'lib/supervisor.js',
62 silly resolved     bin:
62 silly resolved      { 'node-supervisor': 'lib/cli-wrapper.js',
62 silly resolved        supervisor: 'lib/cli-wrapper.js' },
62 silly resolved     engines: { node: '>=0.6.0' },
62 silly resolved     scripts: { test: './node_modules/nodeunit/bin/nodeunit test/*.test.js' },
62 silly resolved     preferGlobal: true,
62 silly resolved     devDependencies: { nodeunit: '~0.9.0' },
62 silly resolved     gitHead: 'f22006a038d3c43a81da02bc8ca6b8d868afddfe',
62 silly resolved     _id: 'supervisor@0.11.0',
62 silly resolved     _shasum: '3fa869e09c57855aff7128a996d414f4af867d8a',
62 silly resolved     _from: 'supervisor@',
62 silly resolved     _npmVersion: '3.9.5',
62 silly resolved     _nodeVersion: '6.1.0',
62 silly resolved     _npmUser: { name: 'petruisfan', email: 'petru.isfan@gmail.com' },
62 silly resolved     dist:
62 silly resolved      { shasum: '3fa869e09c57855aff7128a996d414f4af867d8a',
62 silly resolved        tarball: 'https://registry.npmjs.org/supervisor/-/supervisor-0.11.0.tgz' },
62 silly resolved     maintainers: [ [Object], [Object], [Object] ],
62 silly resolved     _npmOperationalInternal:
62 silly resolved      { host: 'packages-16-east.internal.npmjs.com',
62 silly resolved        tmp: 'tmp/supervisor-0.11.0.tgz_1465185206185_0.45687873754650354' },
62 silly resolved     directories: {},
62 silly resolved     _resolved: 'https://registry.npmjs.org/supervisor/-/supervisor-0.11.0.tgz' } ]
63 info install supervisor@0.11.0 into /usr/lib
64 info installOne supervisor@0.11.0
65 verbose lib/node_modules/supervisor unbuild
66 verbose tar unpack /home/ee7klt/.npm/supervisor/0.11.0/package.tgz
67 silly lockFile ac59d6d3--usr-lib-node-modules-supervisor tar:///usr/lib/node_modules/supervisor
68 verbose lock tar:///usr/lib/node_modules/supervisor /home/ee7klt/.npm/ac59d6d3--usr-lib-node-modules-supervisor.lock
69 silly lockFile 212d4891-pm-supervisor-0-11-0-package-tgz tar:///home/ee7klt/.npm/supervisor/0.11.0/package.tgz
70 verbose lock tar:///home/ee7klt/.npm/supervisor/0.11.0/package.tgz /home/ee7klt/.npm/212d4891-pm-supervisor-0-11-0-package-tgz.lock
71 silly gunzTarPerm modes [ '775', '664' ]
72 error Error: EACCES, mkdir '/usr/lib/node_modules/supervisor'
72 error  { [Error: EACCES, mkdir '/usr/lib/node_modules/supervisor']
72 error   errno: 3,
72 error   code: 'EACCES',
72 error   path: '/usr/lib/node_modules/supervisor',
72 error   fstream_type: 'Directory',
72 error   fstream_path: '/usr/lib/node_modules/supervisor',
72 error   fstream_class: 'DirWriter',
72 error   fstream_stack:
72 error    [ '/usr/lib/node_modules/npm/node_modules/fstream/lib/dir-writer.js:36:23',
72 error      '/usr/lib/node_modules/npm/node_modules/mkdirp/index.js:46:53',
72 error      'Object.oncomplete (fs.js:108:15)' ] }
73 error Please try running this command again as root/Administrator.
74 error System Linux 3.10.18
75 error command "/usr/bin/node" "/usr/bin/npm" "install" "-g" "supervisor"
76 error cwd /home/ee7klt/Code/node-mongoose-form
77 error node -v v0.10.43
78 error npm -v 1.4.29
79 error path /usr/lib/node_modules/supervisor
80 error fstream_path /usr/lib/node_modules/supervisor
81 error fstream_type Directory
82 error fstream_class DirWriter
83 error code EACCES
84 error errno 3
85 error stack Error: EACCES, mkdir '/usr/lib/node_modules/supervisor'
86 error fstream_stack /usr/lib/node_modules/npm/node_modules/fstream/lib/dir-writer.js:36:23
86 error fstream_stack /usr/lib/node_modules/npm/node_modules/mkdirp/index.js:46:53
86 error fstream_stack Object.oncomplete (fs.js:108:15)
87 verbose exit [ 3, true ]
